

============================== 2023-02-17 04:24:55.266334 | 6343fe4e-8073-4b90-8839-00a096b8b6bb ==============================
04:24:55.266334 [info ] [MainThread]: Running with dbt=1.1.3
04:24:55.266334 [debug] [MainThread]: running dbt with arguments {'write_json': True, 'use_colors': True, 'printer_width': 80, 'version_check': True, 'partial_parse': True, 'static_parser': True, 'profiles_dir': 'C:\\Users\\Admin\\.dbt', 'send_anonymous_usage_stats': True, 'event_buffer_size': 100000, 'quiet': False, 'no_print': False, 'cache_selected_only': False, 'config_dir': False, 'which': 'debug', 'indirect_selection': 'eager'}
04:24:55.266334 [debug] [MainThread]: Tracking: tracking
04:24:55.267332 [debug] [MainThread]: Sending event: {'category': 'dbt', 'action': 'invocation', 'label': 'start', 'context': [<snowplow_tracker.self_describing_json.SelfDescribingJson object at 0x0000016E7A6DB4F0>, <snowplow_tracker.self_describing_json.SelfDescribingJson object at 0x0000016E7A6DB760>, <snowplow_tracker.self_describing_json.SelfDescribingJson object at 0x0000016E7A6DB850>]}
04:24:55.385592 [debug] [MainThread]: Executing "git --help"
04:24:55.449423 [debug] [MainThread]: STDOUT: "b"usage: git [--version] [--help] [-C <path>] [-c <name>=<value>]\n           [--exec-path[=<path>]] [--html-path] [--man-path] [--info-path]\n           [-p | --paginate | -P | --no-pager] [--no-replace-objects] [--bare]\n           [--git-dir=<path>] [--work-tree=<path>] [--namespace=<name>]\n           [--super-prefix=<path>] [--config-env=<name>=<envvar>]\n           <command> [<args>]\n\nThese are common Git commands used in various situations:\n\nstart a working area (see also: git help tutorial)\n   clone     Clone a repository into a new directory\n   init      Create an empty Git repository or reinitialize an existing one\n\nwork on the current change (see also: git help everyday)\n   add       Add file contents to the index\n   mv        Move or rename a file, a directory, or a symlink\n   restore   Restore working tree files\n   rm        Remove files from the working tree and from the index\n\nexamine the history and state (see also: git help revisions)\n   bisect    Use binary search to find the commit that introduced a bug\n   diff      Show changes between commits, commit and working tree, etc\n   grep      Print lines matching a pattern\n   log       Show commit logs\n   show      Show various types of objects\n   status    Show the working tree status\n\ngrow, mark and tweak your common history\n   branch    List, create, or delete branches\n   commit    Record changes to the repository\n   merge     Join two or more development histories together\n   rebase    Reapply commits on top of another base tip\n   reset     Reset current HEAD to the specified state\n   switch    Switch branches\n   tag       Create, list, delete or verify a tag object signed with GPG\n\ncollaborate (see also: git help workflows)\n   fetch     Download objects and refs from another repository\n   pull      Fetch from and integrate with another repository or a local branch\n   push      Update remote refs along with associated objects\n\n'git help -a' and 'git help -g' list available subcommands and some\nconcept guides. See 'git help <command>' or 'git help <concept>'\nto read about a specific subcommand or concept.\nSee 'git help git' for an overview of the system.\n""
04:24:55.449423 [debug] [MainThread]: STDERR: "b''"
04:24:55.455406 [debug] [MainThread]: Acquiring new mysql connection "debug"
04:24:55.456403 [debug] [MainThread]: Using mysql connection "debug"
04:24:55.456403 [debug] [MainThread]: On debug: select 1 as id
04:24:55.456403 [debug] [MainThread]: Opening a new connection, currently in state init
04:24:55.468371 [debug] [MainThread]: SQL status: SUCCESS 1 in 0.01 seconds
04:24:55.469370 [debug] [MainThread]: On debug: Close
04:24:55.472360 [debug] [MainThread]: Sending event: {'category': 'dbt', 'action': 'invocation', 'label': 'end', 'context': [<snowplow_tracker.self_describing_json.SelfDescribingJson object at 0x0000016E7A8B4850>, <snowplow_tracker.self_describing_json.SelfDescribingJson object at 0x0000016E7A8D97C0>, <snowplow_tracker.self_describing_json.SelfDescribingJson object at 0x0000016E7A8D90D0>]}
04:24:56.587483 [debug] [MainThread]: Connection 'debug' was properly closed.


============================== 2023-02-17 04:27:05.903780 | c038b49a-16c2-44fe-aa3a-3b80732e0bd1 ==============================
04:27:05.903780 [info ] [MainThread]: Running with dbt=1.1.3
04:27:05.904777 [debug] [MainThread]: running dbt with arguments {'write_json': True, 'use_colors': True, 'printer_width': 80, 'version_check': True, 'partial_parse': True, 'static_parser': True, 'profiles_dir': 'C:\\Users\\Admin\\.dbt', 'send_anonymous_usage_stats': True, 'event_buffer_size': 100000, 'quiet': False, 'no_print': False, 'cache_selected_only': False, 'config_dir': False, 'which': 'debug', 'indirect_selection': 'eager'}
04:27:05.905776 [debug] [MainThread]: Tracking: tracking
04:27:05.905776 [debug] [MainThread]: Sending event: {'category': 'dbt', 'action': 'invocation', 'label': 'start', 'context': [<snowplow_tracker.self_describing_json.SelfDescribingJson object at 0x000001B36B6CB4F0>, <snowplow_tracker.self_describing_json.SelfDescribingJson object at 0x000001B36B6CB760>, <snowplow_tracker.self_describing_json.SelfDescribingJson object at 0x000001B36B6CB850>]}
04:27:06.026453 [debug] [MainThread]: Executing "git --help"
04:27:06.062358 [debug] [MainThread]: STDOUT: "b"usage: git [--version] [--help] [-C <path>] [-c <name>=<value>]\n           [--exec-path[=<path>]] [--html-path] [--man-path] [--info-path]\n           [-p | --paginate | -P | --no-pager] [--no-replace-objects] [--bare]\n           [--git-dir=<path>] [--work-tree=<path>] [--namespace=<name>]\n           [--super-prefix=<path>] [--config-env=<name>=<envvar>]\n           <command> [<args>]\n\nThese are common Git commands used in various situations:\n\nstart a working area (see also: git help tutorial)\n   clone     Clone a repository into a new directory\n   init      Create an empty Git repository or reinitialize an existing one\n\nwork on the current change (see also: git help everyday)\n   add       Add file contents to the index\n   mv        Move or rename a file, a directory, or a symlink\n   restore   Restore working tree files\n   rm        Remove files from the working tree and from the index\n\nexamine the history and state (see also: git help revisions)\n   bisect    Use binary search to find the commit that introduced a bug\n   diff      Show changes between commits, commit and working tree, etc\n   grep      Print lines matching a pattern\n   log       Show commit logs\n   show      Show various types of objects\n   status    Show the working tree status\n\ngrow, mark and tweak your common history\n   branch    List, create, or delete branches\n   commit    Record changes to the repository\n   merge     Join two or more development histories together\n   rebase    Reapply commits on top of another base tip\n   reset     Reset current HEAD to the specified state\n   switch    Switch branches\n   tag       Create, list, delete or verify a tag object signed with GPG\n\ncollaborate (see also: git help workflows)\n   fetch     Download objects and refs from another repository\n   pull      Fetch from and integrate with another repository or a local branch\n   push      Update remote refs along with associated objects\n\n'git help -a' and 'git help -g' list available subcommands and some\nconcept guides. See 'git help <command>' or 'git help <concept>'\nto read about a specific subcommand or concept.\nSee 'git help git' for an overview of the system.\n""
04:27:06.062358 [debug] [MainThread]: STDERR: "b''"
04:27:06.065350 [debug] [MainThread]: Acquiring new mysql connection "debug"
04:27:06.066346 [debug] [MainThread]: Using mysql connection "debug"
04:27:06.066346 [debug] [MainThread]: On debug: select 1 as id
04:27:06.066346 [debug] [MainThread]: Opening a new connection, currently in state init
04:27:06.076319 [debug] [MainThread]: SQL status: SUCCESS 1 in 0.01 seconds
04:27:06.077318 [debug] [MainThread]: On debug: Close
04:27:06.079312 [debug] [MainThread]: Sending event: {'category': 'dbt', 'action': 'invocation', 'label': 'end', 'context': [<snowplow_tracker.self_describing_json.SelfDescribingJson object at 0x000001B36B8A3430>, <snowplow_tracker.self_describing_json.SelfDescribingJson object at 0x000001B36B8CA7C0>, <snowplow_tracker.self_describing_json.SelfDescribingJson object at 0x000001B36B8CA0D0>]}
04:27:07.175398 [debug] [MainThread]: Connection 'debug' was properly closed.


============================== 2023-02-17 06:25:09.432497 | 8a0ec5fc-c5c4-4989-a85a-35c6238daeb3 ==============================
06:25:09.432497 [info ] [MainThread]: Running with dbt=1.1.3
06:25:09.491621 [debug] [MainThread]: running dbt with arguments {'write_json': True, 'use_colors': True, 'printer_width': 80, 'version_check': True, 'partial_parse': True, 'static_parser': True, 'profiles_dir': 'C:\\Users\\Admin\\.dbt', 'send_anonymous_usage_stats': True, 'event_buffer_size': 100000, 'quiet': False, 'no_print': False, 'cache_selected_only': False, 'which': 'run', 'rpc_method': 'run', 'indirect_selection': 'eager'}
06:25:09.491621 [debug] [MainThread]: Tracking: tracking
06:25:09.493612 [debug] [MainThread]: Sending event: {'category': 'dbt', 'action': 'invocation', 'label': 'start', 'context': [<snowplow_tracker.self_describing_json.SelfDescribingJson object at 0x000001AA74477910>, <snowplow_tracker.self_describing_json.SelfDescribingJson object at 0x000001AA74477460>, <snowplow_tracker.self_describing_json.SelfDescribingJson object at 0x000001AA744770D0>]}
06:25:09.520540 [info ] [MainThread]: Partial parse save file not found. Starting full parse.
06:25:09.521536 [debug] [MainThread]: Sending event: {'category': 'dbt', 'action': 'partial_parser', 'label': '8a0ec5fc-c5c4-4989-a85a-35c6238daeb3', 'context': [<snowplow_tracker.self_describing_json.SelfDescribingJson object at 0x000001AA744CABB0>]}
06:25:09.898562 [debug] [MainThread]: Parsing macros\adapters.sql
06:25:09.925457 [debug] [MainThread]: Parsing macros\catalog.sql
06:25:09.927452 [debug] [MainThread]: Parsing macros\materializations\incremental\helpers.sql
06:25:09.930445 [debug] [MainThread]: Parsing macros\materializations\incremental\incremental.sql
06:25:09.938420 [debug] [MainThread]: Parsing macros\materializations\seed\seed.sql
06:25:09.942410 [debug] [MainThread]: Parsing macros\materializations\snapshot\snapshot.sql
06:25:09.961361 [debug] [MainThread]: Parsing macros\materializations\snapshot\snapshot_merge.sql
06:25:09.963356 [debug] [MainThread]: Parsing macros\materializations\snapshot\strategies.sql
06:25:09.964353 [debug] [MainThread]: Parsing macros\materializations\test\test.sql
06:25:09.966348 [debug] [MainThread]: Parsing macros\adapters\columns.sql
06:25:09.977351 [debug] [MainThread]: Parsing macros\adapters\freshness.sql
06:25:09.981341 [debug] [MainThread]: Parsing macros\adapters\indexes.sql
06:25:09.984331 [debug] [MainThread]: Parsing macros\adapters\metadata.sql
06:25:09.993275 [debug] [MainThread]: Parsing macros\adapters\persist_docs.sql
06:25:09.997265 [debug] [MainThread]: Parsing macros\adapters\relation.sql
06:25:10.008236 [debug] [MainThread]: Parsing macros\adapters\schema.sql
06:25:10.011228 [debug] [MainThread]: Parsing macros\etc\datetime.sql
06:25:10.021233 [debug] [MainThread]: Parsing macros\etc\statement.sql
06:25:10.026219 [debug] [MainThread]: Parsing macros\generic_test_sql\accepted_values.sql
06:25:10.027219 [debug] [MainThread]: Parsing macros\generic_test_sql\not_null.sql
06:25:10.028215 [debug] [MainThread]: Parsing macros\generic_test_sql\relationships.sql
06:25:10.030212 [debug] [MainThread]: Parsing macros\generic_test_sql\unique.sql
06:25:10.031207 [debug] [MainThread]: Parsing macros\get_custom_name\get_custom_alias.sql
06:25:10.032203 [debug] [MainThread]: Parsing macros\get_custom_name\get_custom_database.sql
06:25:10.034199 [debug] [MainThread]: Parsing macros\get_custom_name\get_custom_schema.sql
06:25:10.037158 [debug] [MainThread]: Parsing macros\materializations\configs.sql
06:25:10.040148 [debug] [MainThread]: Parsing macros\materializations\hooks.sql
06:25:10.045135 [debug] [MainThread]: Parsing macros\materializations\models\incremental\column_helpers.sql
06:25:10.050122 [debug] [MainThread]: Parsing macros\materializations\models\incremental\incremental.sql
06:25:10.061095 [debug] [MainThread]: Parsing macros\materializations\models\incremental\is_incremental.sql
06:25:10.063089 [debug] [MainThread]: Parsing macros\materializations\models\incremental\merge.sql
06:25:10.086027 [debug] [MainThread]: Parsing macros\materializations\models\incremental\on_schema_change.sql
06:25:10.102982 [debug] [MainThread]: Parsing macros\materializations\models\table\create_table_as.sql
06:25:10.105974 [debug] [MainThread]: Parsing macros\materializations\models\table\table.sql
06:25:10.113951 [debug] [MainThread]: Parsing macros\materializations\models\view\create_or_replace_view.sql
06:25:10.117942 [debug] [MainThread]: Parsing macros\materializations\models\view\create_view_as.sql
06:25:10.120934 [debug] [MainThread]: Parsing macros\materializations\models\view\helpers.sql
06:25:10.121931 [debug] [MainThread]: Parsing macros\materializations\models\view\view.sql
06:25:10.130418 [debug] [MainThread]: Parsing macros\materializations\seeds\helpers.sql
06:25:10.148368 [debug] [MainThread]: Parsing macros\materializations\seeds\seed.sql
06:25:10.155349 [debug] [MainThread]: Parsing macros\materializations\snapshots\helpers.sql
06:25:10.169313 [debug] [MainThread]: Parsing macros\materializations\snapshots\snapshot.sql
06:25:10.182318 [debug] [MainThread]: Parsing macros\materializations\snapshots\snapshot_merge.sql
06:25:10.184305 [debug] [MainThread]: Parsing macros\materializations\snapshots\strategies.sql
06:25:10.203254 [debug] [MainThread]: Parsing macros\materializations\tests\helpers.sql
06:25:10.205249 [debug] [MainThread]: Parsing macros\materializations\tests\test.sql
06:25:10.210203 [debug] [MainThread]: Parsing macros\materializations\tests\where_subquery.sql
06:25:10.212196 [debug] [MainThread]: Parsing tests\generic\builtin.sql
06:25:10.464066 [debug] [MainThread]: 1699: static parser successfully parsed example\my_first_dbt_model.sql
06:25:10.477032 [debug] [MainThread]: 1699: static parser successfully parsed example\my_second_dbt_model.sql
06:25:10.555057 [debug] [MainThread]: Sending event: {'category': 'dbt', 'action': 'load_project', 'label': '8a0ec5fc-c5c4-4989-a85a-35c6238daeb3', 'context': [<snowplow_tracker.self_describing_json.SelfDescribingJson object at 0x000001AA7451DFD0>]}
06:25:10.571045 [debug] [MainThread]: Sending event: {'category': 'dbt', 'action': 'resource_counts', 'label': '8a0ec5fc-c5c4-4989-a85a-35c6238daeb3', 'context': [<snowplow_tracker.self_describing_json.SelfDescribingJson object at 0x000001AA74477460>]}
06:25:10.571045 [info ] [MainThread]: Found 2 models, 4 tests, 0 snapshots, 0 analyses, 172 macros, 0 operations, 0 seed files, 0 sources, 0 exposures, 0 metrics
06:25:10.572009 [debug] [MainThread]: Sending event: {'category': 'dbt', 'action': 'runnable_timing', 'label': '8a0ec5fc-c5c4-4989-a85a-35c6238daeb3', 'context': [<snowplow_tracker.self_describing_json.SelfDescribingJson object at 0x000001AA7451DCA0>]}
06:25:10.574002 [info ] [MainThread]: 
06:25:10.575002 [debug] [MainThread]: Acquiring new mysql connection "master"
06:25:10.575998 [debug] [ThreadPool]: Acquiring new mysql connection "list_schemas"
06:25:10.600933 [debug] [ThreadPool]: Using mysql connection "list_schemas"
06:25:10.601932 [debug] [ThreadPool]: On list_schemas: /* {"app": "dbt", "dbt_version": "1.1.3", "profile_name": "antoree", "target_name": "dev", "connection_name": "list_schemas"} */
select distinct schema_name
        from information_schema.schemata
06:25:10.601932 [debug] [ThreadPool]: Opening a new connection, currently in state init
06:25:10.711667 [debug] [ThreadPool]: SQL status: SUCCESS 5 in 0.11 seconds
06:25:10.713629 [debug] [ThreadPool]: On list_schemas: Close
06:25:10.715625 [debug] [ThreadPool]: Acquiring new mysql connection "list_None_antoree_warehouse_2"
06:25:10.722639 [debug] [ThreadPool]: Using mysql connection "list_None_antoree_warehouse_2"
06:25:10.722639 [debug] [ThreadPool]: On list_None_antoree_warehouse_2: BEGIN
06:25:10.722639 [debug] [ThreadPool]: Opening a new connection, currently in state init
06:25:10.724601 [debug] [ThreadPool]: SQL status: SUCCESS 0 in 0.0 seconds
06:25:10.724601 [debug] [ThreadPool]: Using mysql connection "list_None_antoree_warehouse_2"
06:25:10.724601 [debug] [ThreadPool]: On list_None_antoree_warehouse_2: /* {"app": "dbt", "dbt_version": "1.1.3", "profile_name": "antoree", "target_name": "dev", "connection_name": "list_None_antoree_warehouse_2"} */
select
      null as "database",
      table_name as name,
      table_schema as "schema",
      case when table_type = 'BASE TABLE' then 'table'
           when table_type = 'VIEW' then 'view'
           else table_type
      end as table_type
    from information_schema.tables
    where table_schema = 'antoree_warehouse_2'
  
06:25:10.732075 [debug] [ThreadPool]: SQL status: SUCCESS 0 in 0.01 seconds
06:25:10.734032 [debug] [ThreadPool]: On list_None_antoree_warehouse_2: ROLLBACK
06:25:10.734032 [debug] [ThreadPool]: On list_None_antoree_warehouse_2: Close
06:25:10.735029 [debug] [MainThread]: Sending event: {'category': 'dbt', 'action': 'runnable_timing', 'label': '8a0ec5fc-c5c4-4989-a85a-35c6238daeb3', 'context': [<snowplow_tracker.self_describing_json.SelfDescribingJson object at 0x000001AA744801C0>]}
06:25:10.735029 [debug] [MainThread]: Using mysql connection "master"
06:25:10.735029 [debug] [MainThread]: On master: BEGIN
06:25:10.735029 [debug] [MainThread]: Opening a new connection, currently in state init
06:25:10.737024 [debug] [MainThread]: SQL status: SUCCESS 0 in 0.0 seconds
06:25:10.737024 [debug] [MainThread]: On master: COMMIT
06:25:10.737024 [debug] [MainThread]: Using mysql connection "master"
06:25:10.738022 [debug] [MainThread]: On master: COMMIT
06:25:10.738022 [debug] [MainThread]: SQL status: SUCCESS 0 in 0.0 seconds
06:25:10.738022 [debug] [MainThread]: On master: Close
06:25:10.739019 [info ] [MainThread]: Concurrency: 1 threads (target='dev')
06:25:10.739019 [info ] [MainThread]: 
06:25:10.804949 [debug] [Thread-1  ]: Began running node model.antoree.my_first_dbt_model
06:25:10.804949 [info ] [Thread-1  ]: 1 of 2 START table model antoree_warehouse_2.my_first_dbt_model ................ [RUN]
06:25:10.805950 [debug] [Thread-1  ]: Acquiring new mysql connection "model.antoree.my_first_dbt_model"
06:25:10.806945 [debug] [Thread-1  ]: Began compiling node model.antoree.my_first_dbt_model
06:25:10.806945 [debug] [Thread-1  ]: Compiling model.antoree.my_first_dbt_model
06:25:10.810935 [debug] [Thread-1  ]: Writing injected SQL for node "model.antoree.my_first_dbt_model"
06:25:10.814925 [debug] [Thread-1  ]: finished collecting timing info
06:25:10.814925 [debug] [Thread-1  ]: Began executing node model.antoree.my_first_dbt_model
06:25:10.852856 [debug] [Thread-1  ]: Writing runtime SQL for node "model.antoree.my_first_dbt_model"
06:25:10.854816 [debug] [Thread-1  ]: Using mysql connection "model.antoree.my_first_dbt_model"
06:25:10.854816 [debug] [Thread-1  ]: On model.antoree.my_first_dbt_model: BEGIN
06:25:10.854816 [debug] [Thread-1  ]: Opening a new connection, currently in state init
06:25:10.857810 [debug] [Thread-1  ]: SQL status: SUCCESS 0 in 0.0 seconds
06:25:10.857810 [debug] [Thread-1  ]: Using mysql connection "model.antoree.my_first_dbt_model"
06:25:10.857810 [debug] [Thread-1  ]: On model.antoree.my_first_dbt_model: /* {"app": "dbt", "dbt_version": "1.1.3", "profile_name": "antoree", "target_name": "dev", "node_id": "model.antoree.my_first_dbt_model"} */


  create  table
    `antoree_warehouse_2`.`my_first_dbt_model__dbt_tmp`
  as (
    /*
    Welcome to your first dbt model!
    Did you know that you can also configure models directly within SQL files?
    This will override configurations stated in dbt_project.yml

    Try changing "table" to "view" below
*/



with source_data as (

    select 1 as id
    union all
    select null as id

)

select *
from source_data

/*
    Uncomment the line below to remove records with null `id` values
*/

-- where id is not null
  )

06:25:10.913698 [debug] [Thread-1  ]: SQL status: SUCCESS 2 in 0.06 seconds
06:25:10.921639 [debug] [Thread-1  ]: Using mysql connection "model.antoree.my_first_dbt_model"
06:25:10.921639 [debug] [Thread-1  ]: On model.antoree.my_first_dbt_model: /* {"app": "dbt", "dbt_version": "1.1.3", "profile_name": "antoree", "target_name": "dev", "node_id": "model.antoree.my_first_dbt_model"} */

    drop table if exists `antoree_warehouse_2`.`my_first_dbt_model` cascade
  
06:25:10.925664 [debug] [Thread-1  ]: SQL status: SUCCESS 0 in 0.0 seconds
06:25:10.926629 [debug] [Thread-1  ]: Using mysql connection "model.antoree.my_first_dbt_model"
06:25:10.926629 [debug] [Thread-1  ]: On model.antoree.my_first_dbt_model: /* {"app": "dbt", "dbt_version": "1.1.3", "profile_name": "antoree", "target_name": "dev", "node_id": "model.antoree.my_first_dbt_model"} */

    rename table `antoree_warehouse_2`.`my_first_dbt_model__dbt_tmp` to `antoree_warehouse_2`.`my_first_dbt_model`
  
06:25:10.935600 [debug] [Thread-1  ]: SQL status: SUCCESS 0 in 0.01 seconds
06:25:10.947570 [debug] [Thread-1  ]: On model.antoree.my_first_dbt_model: COMMIT
06:25:10.947570 [debug] [Thread-1  ]: Using mysql connection "model.antoree.my_first_dbt_model"
06:25:10.947570 [debug] [Thread-1  ]: On model.antoree.my_first_dbt_model: COMMIT
06:25:10.948566 [debug] [Thread-1  ]: SQL status: SUCCESS 0 in 0.0 seconds
06:25:10.953553 [debug] [Thread-1  ]: Using mysql connection "model.antoree.my_first_dbt_model"
06:25:10.953553 [debug] [Thread-1  ]: On model.antoree.my_first_dbt_model: /* {"app": "dbt", "dbt_version": "1.1.3", "profile_name": "antoree", "target_name": "dev", "node_id": "model.antoree.my_first_dbt_model"} */
drop table if exists `antoree_warehouse_2`.`my_first_dbt_model__dbt_backup`
06:25:10.954551 [debug] [Thread-1  ]: SQL status: SUCCESS 0 in 0.0 seconds
06:25:10.955549 [debug] [Thread-1  ]: finished collecting timing info
06:25:10.955549 [debug] [Thread-1  ]: On model.antoree.my_first_dbt_model: Close
06:25:10.955549 [debug] [Thread-1  ]: Sending event: {'category': 'dbt', 'action': 'run_model', 'label': '8a0ec5fc-c5c4-4989-a85a-35c6238daeb3', 'context': [<snowplow_tracker.self_describing_json.SelfDescribingJson object at 0x000001AA7465D3D0>]}
06:25:10.956546 [info ] [Thread-1  ]: 1 of 2 OK created table model antoree_warehouse_2.my_first_dbt_model ........... [[32mSUCCESS 2[0m in 0.15s]
06:25:10.957542 [debug] [Thread-1  ]: Finished running node model.antoree.my_first_dbt_model
06:25:10.958540 [debug] [Thread-1  ]: Began running node model.antoree.my_second_dbt_model
06:25:10.958540 [info ] [Thread-1  ]: 2 of 2 START view model antoree_warehouse_2.my_second_dbt_model ................ [RUN]
06:25:10.960534 [debug] [Thread-1  ]: Acquiring new mysql connection "model.antoree.my_second_dbt_model"
06:25:10.960534 [debug] [Thread-1  ]: Began compiling node model.antoree.my_second_dbt_model
06:25:10.960534 [debug] [Thread-1  ]: Compiling model.antoree.my_second_dbt_model
06:25:10.963525 [debug] [Thread-1  ]: Writing injected SQL for node "model.antoree.my_second_dbt_model"
06:25:10.964523 [debug] [Thread-1  ]: finished collecting timing info
06:25:10.964523 [debug] [Thread-1  ]: Began executing node model.antoree.my_second_dbt_model
06:25:10.988461 [debug] [Thread-1  ]: Writing runtime SQL for node "model.antoree.my_second_dbt_model"
06:25:10.989456 [debug] [Thread-1  ]: Using mysql connection "model.antoree.my_second_dbt_model"
06:25:10.990454 [debug] [Thread-1  ]: On model.antoree.my_second_dbt_model: BEGIN
06:25:10.990454 [debug] [Thread-1  ]: Opening a new connection, currently in state closed
06:25:10.993446 [debug] [Thread-1  ]: SQL status: SUCCESS 0 in 0.0 seconds
06:25:10.993446 [debug] [Thread-1  ]: Using mysql connection "model.antoree.my_second_dbt_model"
06:25:10.993446 [debug] [Thread-1  ]: On model.antoree.my_second_dbt_model: /* {"app": "dbt", "dbt_version": "1.1.3", "profile_name": "antoree", "target_name": "dev", "node_id": "model.antoree.my_second_dbt_model"} */

  create view `antoree_warehouse_2`.`my_second_dbt_model__dbt_tmp` as (
    -- Use the `ref` function to select from other models

select *
from `antoree_warehouse_2`.`my_first_dbt_model`
where id = 1
  );
06:25:11.000428 [debug] [Thread-1  ]: SQL status: SUCCESS 0 in 0.01 seconds
06:25:11.005415 [debug] [Thread-1  ]: Using mysql connection "model.antoree.my_second_dbt_model"
06:25:11.005415 [debug] [Thread-1  ]: On model.antoree.my_second_dbt_model: /* {"app": "dbt", "dbt_version": "1.1.3", "profile_name": "antoree", "target_name": "dev", "node_id": "model.antoree.my_second_dbt_model"} */

    drop view if exists `antoree_warehouse_2`.`my_second_dbt_model` cascade
  
06:25:11.007412 [debug] [Thread-1  ]: SQL status: SUCCESS 0 in 0.0 seconds
06:25:11.009409 [debug] [Thread-1  ]: Using mysql connection "model.antoree.my_second_dbt_model"
06:25:11.010402 [debug] [Thread-1  ]: On model.antoree.my_second_dbt_model: /* {"app": "dbt", "dbt_version": "1.1.3", "profile_name": "antoree", "target_name": "dev", "node_id": "model.antoree.my_second_dbt_model"} */

    rename table `antoree_warehouse_2`.`my_second_dbt_model__dbt_tmp` to `antoree_warehouse_2`.`my_second_dbt_model`
  
06:25:11.017381 [debug] [Thread-1  ]: SQL status: SUCCESS 0 in 0.01 seconds
06:25:11.019377 [debug] [Thread-1  ]: On model.antoree.my_second_dbt_model: COMMIT
06:25:11.019377 [debug] [Thread-1  ]: Using mysql connection "model.antoree.my_second_dbt_model"
06:25:11.019377 [debug] [Thread-1  ]: On model.antoree.my_second_dbt_model: COMMIT
06:25:11.020374 [debug] [Thread-1  ]: SQL status: SUCCESS 0 in 0.0 seconds
06:25:11.023366 [debug] [Thread-1  ]: Using mysql connection "model.antoree.my_second_dbt_model"
06:25:11.023366 [debug] [Thread-1  ]: On model.antoree.my_second_dbt_model: /* {"app": "dbt", "dbt_version": "1.1.3", "profile_name": "antoree", "target_name": "dev", "node_id": "model.antoree.my_second_dbt_model"} */
drop view if exists `antoree_warehouse_2`.`my_second_dbt_model__dbt_backup`
06:25:11.024368 [debug] [Thread-1  ]: SQL status: SUCCESS 0 in 0.0 seconds
06:25:11.027356 [debug] [Thread-1  ]: finished collecting timing info
06:25:11.027356 [debug] [Thread-1  ]: On model.antoree.my_second_dbt_model: Close
06:25:11.028353 [debug] [Thread-1  ]: Sending event: {'category': 'dbt', 'action': 'run_model', 'label': '8a0ec5fc-c5c4-4989-a85a-35c6238daeb3', 'context': [<snowplow_tracker.self_describing_json.SelfDescribingJson object at 0x000001AA74684CD0>]}
06:25:11.029207 [info ] [Thread-1  ]: 2 of 2 OK created view model antoree_warehouse_2.my_second_dbt_model ........... [[32mSUCCESS 0[0m in 0.07s]
06:25:11.030181 [debug] [Thread-1  ]: Finished running node model.antoree.my_second_dbt_model
06:25:11.031179 [debug] [MainThread]: Acquiring new mysql connection "master"
06:25:11.032174 [debug] [MainThread]: Using mysql connection "master"
06:25:11.032174 [debug] [MainThread]: On master: BEGIN
06:25:11.032174 [debug] [MainThread]: Opening a new connection, currently in state closed
06:25:11.034169 [debug] [MainThread]: SQL status: SUCCESS 0 in 0.0 seconds
06:25:11.034169 [debug] [MainThread]: On master: COMMIT
06:25:11.034169 [debug] [MainThread]: Using mysql connection "master"
06:25:11.034169 [debug] [MainThread]: On master: COMMIT
06:25:11.035166 [debug] [MainThread]: SQL status: SUCCESS 0 in 0.0 seconds
06:25:11.035166 [debug] [MainThread]: On master: Close
06:25:11.035166 [info ] [MainThread]: 
06:25:11.036164 [info ] [MainThread]: Finished running 1 table model, 1 view model in 0.46s.
06:25:11.036164 [debug] [MainThread]: Connection 'master' was properly closed.
06:25:11.037161 [debug] [MainThread]: Connection 'list_schemas' was properly closed.
06:25:11.037161 [debug] [MainThread]: Connection 'list_None_antoree_warehouse_2' was properly closed.
06:25:11.037161 [debug] [MainThread]: Connection 'model.antoree.my_second_dbt_model' was properly closed.
06:25:11.053118 [info ] [MainThread]: 
06:25:11.054118 [info ] [MainThread]: [32mCompleted successfully[0m
06:25:11.055113 [info ] [MainThread]: 
06:25:11.056111 [info ] [MainThread]: Done. PASS=2 WARN=0 ERROR=0 SKIP=0 TOTAL=2
06:25:11.057108 [debug] [MainThread]: Sending event: {'category': 'dbt', 'action': 'invocation', 'label': 'end', 'context': [<snowplow_tracker.self_describing_json.SelfDescribingJson object at 0x000001AA7451D040>, <snowplow_tracker.self_describing_json.SelfDescribingJson object at 0x000001AA744802B0>, <snowplow_tracker.self_describing_json.SelfDescribingJson object at 0x000001AA7468CE80>]}
